Build started 8/11/2015 12:15:22 AM.
     1>Project "C:\Users\Mi\Documents\MyProjects\PathVisualization\PathVisualization\PathVisualization\PathVisualization.vcxproj" on node 2 (Rebuild target(s)).
     1>ClCompile:
         C:\Program Files (x86)\Microsoft Visual Studio 12.0\VC\bin\CL.exe /c /I..\Import\include /ZI /nologo /W3 /WX- /Od /Oy- /D WIN32 /D _DEBUG /D _CONSOLE /D _LIB /D _UNICODE /D UNICODE /Gm /EHsc /RTC1 /MDd /GS /fp:precise /Zc:wchar_t /Zc:forScope /Fo"Debug\\" /Fd"Debug\vc120.pdb" /Gd /TP /analyze- /errorReport:prompt DrawableLineShape.cpp LineShape.cpp Main.cpp Path.cpp PathView.cpp Utility.cpp
         Utility.cpp
     1>c:\users\mi\documents\myprojects\pathvisualization\pathvisualization\pathvisualization\utility.h(45): warning C4018: '<' : signed/unsigned mismatch
         PathView.cpp
     1>c:\users\mi\documents\myprojects\pathvisualization\pathvisualization\pathvisualization\utility.h(45): warning C4018: '<' : signed/unsigned mismatch
         Path.cpp
     1>c:\users\mi\documents\myprojects\pathvisualization\pathvisualization\pathvisualization\utility.h(45): warning C4018: '<' : signed/unsigned mismatch
     1>c:\users\mi\documents\myprojects\pathvisualization\pathvisualization\pathvisualization\path.cpp(66): warning C4244: '=' : conversion from 'double' to 'float', possible loss of data
     1>c:\users\mi\documents\myprojects\pathvisualization\pathvisualization\pathvisualization\path.cpp(67): warning C4244: '=' : conversion from 'double' to 'float', possible loss of data
     1>c:\users\mi\documents\myprojects\pathvisualization\pathvisualization\pathvisualization\path.cpp(68): warning C4244: '=' : conversion from 'double' to 'float', possible loss of data
     1>c:\users\mi\documents\myprojects\pathvisualization\pathvisualization\pathvisualization\path.cpp(118): warning C4244: '=' : conversion from 'double' to 'float', possible loss of data
     1>c:\users\mi\documents\myprojects\pathvisualization\pathvisualization\pathvisualization\path.cpp(119): warning C4244: '=' : conversion from 'double' to 'float', possible loss of data
     1>c:\users\mi\documents\myprojects\pathvisualization\pathvisualization\pathvisualization\path.cpp(120): warning C4244: '=' : conversion from 'double' to 'float', possible loss of data
     1>c:\users\mi\documents\myprojects\pathvisualization\pathvisualization\pathvisualization\path.cpp(123): warning C4244: '=' : conversion from 'double' to 'float', possible loss of data
     1>c:\users\mi\documents\myprojects\pathvisualization\pathvisualization\pathvisualization\path.cpp(124): warning C4244: '=' : conversion from 'double' to 'float', possible loss of data
     1>c:\users\mi\documents\myprojects\pathvisualization\pathvisualization\pathvisualization\path.cpp(125): warning C4244: '=' : conversion from 'double' to 'float', possible loss of data
         Main.cpp
     1>c:\users\mi\documents\myprojects\pathvisualization\pathvisualization\pathvisualization\utility.h(45): warning C4018: '<' : signed/unsigned mismatch
         LineShape.cpp
         DrawableLineShape.cpp
     1>c:\users\mi\documents\myprojects\pathvisualization\pathvisualization\pathvisualization\drawablelineshape.cpp(274): warning C4018: '<' : signed/unsigned mismatch
         Generating Code...
       Link:
         C:\Program Files (x86)\Microsoft Visual Studio 12.0\VC\bin\link.exe /ERRORREPORT:PROMPT /OUT:"C:\Users\Mi\Documents\MyProjects\PathVisualization\PathVisualization\Debug\PathVisualization.exe" /INCREMENTAL /NOLOGO /LIBPATH:..\Import\lib "sfml-graphics-d.lib" "sfml-audio-d.lib" "sfml-network-d.lib" "sfml-window-d.lib" "sfml-system-d.lib" "tgui-d.lib" kernel32.lib user32.lib gdi32.lib winspool.lib comdlg32.lib advapi32.lib shell32.lib ole32.lib oleaut32.lib uuid.lib odbc32.lib odbccp32.lib /MANIFEST /MANIFESTUAC:"level='asInvoker' uiAccess='false'" /manifest:embed /DEBUG /PDB:"C:\Users\Mi\Documents\MyProjects\PathVisualization\PathVisualization\Debug\PathVisualization.pdb" /SUBSYSTEM:CONSOLE /TLBID:1 /DYNAMICBASE /NXCOMPAT /IMPLIB:"C:\Users\Mi\Documents\MyProjects\PathVisualization\PathVisualization\Debug\PathVisualization.lib" /MACHINE:X86 Debug\DrawableLineShape.obj
         Debug\LineShape.obj
         Debug\Main.obj
         Debug\Path.obj
         Debug\PathView.obj
         Debug\Utility.obj
         PathVisualization.vcxproj -> C:\Users\Mi\Documents\MyProjects\PathVisualization\PathVisualization\Debug\PathVisualization.exe
     1>Done Building Project "C:\Users\Mi\Documents\MyProjects\PathVisualization\PathVisualization\PathVisualization\PathVisualization.vcxproj" (Rebuild target(s)).

Build succeeded.

Time Elapsed 00:00:07.05
